<component name="libraryTable">
  <library name="Junit">
    <CLASSES>
      <root url="jar://$PROJECT_DIR$/../deps/apiguardian-api-1.1.0.jar!/" />
      <root url="jar://$PROJECT_DIR$/../deps/hamcrest-2.2.jar!/" />
      <root url="jar://$PROJECT_DIR$/../deps/junit-4.13.2.jar!/" />
      <root url="jar://$PROJECT_DIR$/../deps/junit-jupiter-5.7.0.jar!/" />
      <root url="jar://$PROJECT_DIR$/../deps/junit-jupiter-api-5.7.0.jar!/" />
      <root url="jar://$PROJECT_DIR$/../deps/junit-jupiter-engine-5.7.0.jar!/" />
      <root url="jar://$PROJECT_DIR$/../deps/junit-jupiter-params-5.7.0.jar!/" />
      <root url="jar://$PROJECT_DIR$/../deps/junit-platform-commons-1.7.0.jar!/" />
      <root url="jar://$PROJECT_DIR$/../deps/junit-platform-engine-1.7.0.jar!/" />
      <root url="jar://$PROJECT_DIR$/../deps/opentest4j-1.2.0.jar!/" />
    </CLASSES>
    <JAVADOC />
    <SOURCES />
  </library>
</component>